<?xml version="1.0" encoding="UTF-8"?>
<!-- Generated by org.testng.reporters.JUnitReportReporter -->
<testsuite hostname="LAPTOP-SEER9G24" failures="0" tests="1" name="regression.RegressionTesting" time="33.071" errors="0" timestamp="2024-03-26T12:52:58 IST" skipped="0">
  <testcase classname="regression.RegressionTesting" name="handleframes" time="33.071"/>
  <system-out/>
</testsuite> <!-- regression.RegressionTesting -->
